[0] Best ppl changed into 150.9732
[0] Best ppl changed into 234.1285
[0] Best bleu+em changed into 6.75 (bleu: 6.75, em: 0.00)
[1] Best ppl changed into 130.9584
[1] Best bleu+em changed into 8.07 (bleu: 8.07, em: 0.00)
[2] Best ppl changed into 107.2297
[2] Best bleu+em changed into 8.18 (bleu: 8.18, em: 0.00)
[3] Best ppl changed into 99.3137
[4] Best ppl changed into 94.3761
[4] Best bleu+em changed into 8.52 (bleu: 8.52, em: 0.00)
[5] Best ppl changed into 92.1667
[5] Best bleu+em changed into 9.18 (bleu: 9.18, em: 0.00)
[6] Best ppl changed into 90.0699
[6] Best bleu+em changed into 9.30 (bleu: 9.30, em: 0.00)
[8] Best bleu+em changed into 9.68 (bleu: 9.68, em: 0.00)
[11] Best bleu+em changed into 10.24 (bleu: 10.24, em: 0.00)
[14] Early stop as not_bleu_em_inc_cnt=3, and not_loss_dec_cnt=8
[best-bleu] bleu-4: 9.70, em: 0.0000, codebleu: 0.0000
[best-ppl] bleu-4: 8.80, em: 0.0000, codebleu: 0.0000
Finish and take 3h13m[0] Best ppl changed into 234.1285
[0] Best bleu+em changed into 6.75 (bleu: 6.75, em: 0.00)
[1] Best ppl changed into 130.9584
[1] Best bleu+em changed into 8.07 (bleu: 8.07, em: 0.00)
[2] Best ppl changed into 107.2297
[2] Best bleu+em changed into 8.18 (bleu: 8.18, em: 0.00)
[3] Best ppl changed into 99.3137
[4] Best ppl changed into 94.3761
[4] Best bleu+em changed into 8.52 (bleu: 8.52, em: 0.00)
[5] Best ppl changed into 92.1667
[5] Best bleu+em changed into 9.18 (bleu: 9.18, em: 0.00)
[6] Best ppl changed into 90.0699
[6] Best bleu+em changed into 9.30 (bleu: 9.30, em: 0.00)
[8] Best bleu+em changed into 9.68 (bleu: 9.68, em: 0.00)
[11] Best bleu+em changed into 10.24 (bleu: 10.24, em: 0.00)
[14] Early stop as not_bleu_em_inc_cnt=3, and not_loss_dec_cnt=8
[best-bleu] bleu-4: 9.70, em: 0.0000, codebleu: 0.0000
[best-ppl] bleu-4: 8.80, em: 0.0000, codebleu: 0.0000
Finish and take 3h10m