[0] Best ppl changed into 1.5151
[0] Best bleu+em changed into 11.82 (bleu: 11.82, em: 0.05)
[1] Best ppl changed into 1.4831
[1] Best bleu+em changed into 12.96 (bleu: 12.96, em: 0.10)
[2] Best ppl changed into 1.4669
[2] Best bleu+em changed into 13.40 (bleu: 13.40, em: 0.05)
[3] Best ppl changed into 1.4572
[3] Best bleu+em changed into 14.06 (bleu: 14.06, em: 0.13)
[4] Best ppl changed into 1.4498
[4] Best bleu+em changed into 14.20 (bleu: 14.20, em: 0.15)
[5] Best ppl changed into 1.4442
[5] Best bleu+em changed into 14.63 (bleu: 14.63, em: 0.13)
[6] Best ppl changed into 1.4414
[6] Best bleu+em changed into 14.67 (bleu: 14.67, em: 0.18)
[7] Best ppl changed into 1.4394
[8] Best ppl changed into 1.4378
[9] Best ppl changed into 1.4365
[9] Best bleu+em changed into 14.77 (bleu: 14.77, em: 0.15)
[10] Best ppl changed into 1.4359
[10] Best bleu+em changed into 14.83 (bleu: 14.83, em: 0.18)
[11] Best ppl changed into 1.4355
[13] Best ppl changed into 1.4353
[best-bleu] bleu-4: 14.32, em: 0.1823, codebleu: 0.0000
[best-ppl] bleu-4: 14.41, em: 0.2127, codebleu: 0.0000
Finish and take 7h55m