[0] Best ppl changed into 89.9243
[0] Best bleu+em changed into 10.42 (bleu: 10.42, em: 0.00)
[1] Best ppl changed into 64.2608
[1] Best bleu+em changed into 12.41 (bleu: 12.41, em: 0.00)
[2] Best ppl changed into 56.9593
[2] Best bleu+em changed into 12.93 (bleu: 12.93, em: 0.07)
[3] Best ppl changed into 54.4329
[3] Best bleu+em changed into 13.43 (bleu: 13.43, em: 0.21)
[5] Best bleu+em changed into 13.74 (bleu: 13.74, em: 0.29)
[11] Early stop as not_bleu_em_inc_cnt=6, and not_loss_dec_cnt=8
[best-bleu] bleu-4: 12.66, em: 0.0000, codebleu: 0.0000
[best-ppl] bleu-4: 12.31, em: 0.0000, codebleu: 0.0000
Finish and take 2h32m[0] Best ppl changed into 184.8736
[0] Best bleu+em changed into 9.04 (bleu: 9.04, em: 0.00)
[1] Best ppl changed into 91.0078
[1] Best bleu+em changed into 11.00 (bleu: 11.00, em: 0.00)
[2] Best ppl changed into 65.5162
[2] Best bleu+em changed into 12.47 (bleu: 12.47, em: 0.14)
[3] Best ppl changed into 58.8441
[3] Best bleu+em changed into 12.70 (bleu: 12.70, em: 0.07)
[4] Best ppl changed into 56.1871
[4] Best bleu+em changed into 13.14 (bleu: 13.14, em: 0.14)
[5] Best ppl changed into 55.9954
[5] Best bleu+em changed into 13.50 (bleu: 13.50, em: 0.14)
[7] Best bleu+em changed into 13.61 (bleu: 13.61, em: 0.21)
[10] Early stop as not_bleu_em_inc_cnt=3, and not_loss_dec_cnt=5
[best-bleu] bleu-4: 12.24, em: 0.0000, codebleu: 0.0000
[best-ppl] bleu-4: 12.67, em: 0.0793, codebleu: 0.0000
Finish and take 2h17m