[0] Best ppl changed into 1.6259
[0] Best bleu+em changed into 11.73 (bleu: 11.73, em: 0.00)
[1] Best ppl changed into 1.5602
[1] Best bleu+em changed into 13.12 (bleu: 13.12, em: 0.00)
[2] Best ppl changed into 1.5387
[2] Best bleu+em changed into 13.78 (bleu: 13.78, em: 0.14)
[3] Best ppl changed into 1.5255
[3] Best bleu+em changed into 14.10 (bleu: 14.10, em: 0.14)
[4] Best ppl changed into 1.5160
[4] Best bleu+em changed into 14.25 (bleu: 14.25, em: 0.29)
[5] Best ppl changed into 1.5097
[5] Best bleu+em changed into 14.35 (bleu: 14.35, em: 0.29)
[6] Best ppl changed into 1.5052
[6] Best bleu+em changed into 14.39 (bleu: 14.39, em: 0.21)
[7] Best ppl changed into 1.5003
[7] Best bleu+em changed into 14.51 (bleu: 14.51, em: 0.29)
[8] Best ppl changed into 1.4983
[8] Best bleu+em changed into 14.60 (bleu: 14.60, em: 0.36)
[9] Best ppl changed into 1.4969
[10] Best ppl changed into 1.4954
[10] Best bleu+em changed into 14.89 (bleu: 14.89, em: 0.29)
[11] Best ppl changed into 1.4939
[12] Best ppl changed into 1.4929
[13] Best bleu+em changed into 14.96 (bleu: 14.96, em: 0.43)
[14] Best ppl changed into 1.4928
[best-bleu] bleu-4: 13.69, em: 0.2379, codebleu: 0.0000
[best-ppl] bleu-4: 13.64, em: 0.2379, codebleu: 0.0000
Finish and take 3h9m