[0] Best ppl changed into 147.9002
[0] Best bleu+em changed into 9.51 (bleu: 9.51, em: 0.00)
[1] Best ppl changed into 101.8317
[2] Best ppl changed into 84.1899
[2] Best bleu+em changed into 10.10 (bleu: 10.10, em: 0.00)
[3] Best ppl changed into 70.5726
[3] Best bleu+em changed into 10.87 (bleu: 10.87, em: 0.05)
[4] Best ppl changed into 61.9481
[4] Best bleu+em changed into 12.28 (bleu: 12.28, em: 0.00)
[5] Best ppl changed into 58.0291
[5] Best bleu+em changed into 12.72 (bleu: 12.72, em: 0.13)
[6] Best ppl changed into 56.9192
[6] Best bleu+em changed into 13.00 (bleu: 13.00, em: 0.10)
[8] Best bleu+em changed into 13.13 (bleu: 13.13, em: 0.15)
[9] Best bleu+em changed into 13.34 (bleu: 13.34, em: 0.13)
[10] Best bleu+em changed into 13.38 (bleu: 13.38, em: 0.21)
[11] Best bleu+em changed into 13.72 (bleu: 13.72, em: 0.23)
[14] Early stop as not_bleu_em_inc_cnt=3, and not_loss_dec_cnt=8
[best-bleu] bleu-4: 12.94, em: 0.1215, codebleu: 0.0000
[best-ppl] bleu-4: 12.36, em: 0.1823, codebleu: 0.0000
Finish and take 8h8m